<?xml version="1.0" encoding="UTF-8"?>
<!-- Generated by org.testng.reporters.JUnitReportReporter -->
<testsuite hostname="MSI" failures="0" tests="1" name="test.Toto" time="6.858" errors="0" timestamp="2022-08-15T17:11:35 ICT" skipped="0">
  <testcase classname="test.Toto" name="testPo" time="6.858"/>
  <system-out/>
</testsuite> <!-- test.Toto -->
